<?xml version="1.0" encoding="UTF-8"?>
<testng-results skipped="0" failed="0" total="1" passed="1">
  <reporter-output>
  </reporter-output>
  <suite name="Default suite" duration-ms="185" started-at="2018-03-31T05:40:48Z" finished-at="2018-03-31T05:40:48Z">
    <groups>
    </groups>
    <test name="Default test" duration-ms="185" started-at="2018-03-31T05:40:48Z" finished-at="2018-03-31T05:40:48Z">
      <class name="com.barclays.ExtentReport">
        <test-method status="PASS" signature="testMethod()[pri:0, instance:com.barclays.ExtentReport@3889c1ee]" name="testMethod" duration-ms="116" started-at="2018-03-31T11:10:48Z" finished-at="2018-03-31T11:10:48Z">
          <reporter-output>
          </reporter-output>
        </test-method> <!-- testMethod -->
      </class> <!-- com.barclays.ExtentReport -->
    </test> <!-- Default test -->
  </suite> <!-- Default suite -->
</testng-results>
